<?xml version="1.0" encoding="UTF-8"?>
<testng-results ignored="0" total="1" passed="1" failed="0" skipped="0">
  <reporter-output>
  </reporter-output>
  <suite started-at="2025-12-02T17:48:30 IST" name="Suite" finished-at="2025-12-02T17:49:36 IST" duration-ms="65153">
    <groups>
    </groups>
    <test started-at="2025-12-02T17:48:30 IST" name="SanityTests" finished-at="2025-12-02T17:49:36 IST" duration-ms="65153">
      <class name="com.saucedemo.app.tests.CheckoutTests">
        <test-method is-config="true" signature="suiteSetUp()[pri:0, instance:com.saucedemo.app.tests.CheckoutTests@2b662a77]" started-at="2025-12-02T17:48:12 IST" name="suiteSetUp" finished-at="2025-12-02T17:48:30 IST" duration-ms="18279" status="PASS">
          <reporter-output>
          </reporter-output>
        </test-method> <!-- suiteSetUp -->
        <test-method is-config="true" signature="testSetup(java.lang.reflect.Method)[pri:0, instance:com.saucedemo.app.tests.CheckoutTests@2b662a77]" started-at="2025-12-02T17:48:30 IST" name="testSetup" finished-at="2025-12-02T17:48:34 IST" duration-ms="3712" status="PASS">
          <params>
            <param index="0">
              <value>
                <![CDATA[public void com.saucedemo.app.tests.CheckoutTests.checkoutProducts() throws java.lang.InterruptedException]]>
              </value>
            </param>
          </params>
          <reporter-output>
          </reporter-output>
        </test-method> <!-- testSetup -->
        <test-method signature="checkoutProducts()[pri:0, instance:com.saucedemo.app.tests.CheckoutTests@2b662a77]" started-at="2025-12-02T17:48:34 IST" name="checkoutProducts" finished-at="2025-12-02T17:49:34 IST" duration-ms="60351" status="PASS">
          <reporter-output>
          </reporter-output>
        </test-method> <!-- checkoutProducts -->
        <test-method is-config="true" signature="testTeardown()[pri:0, instance:com.saucedemo.app.tests.CheckoutTests@2b662a77]" started-at="2025-12-02T17:49:34 IST" name="testTeardown" finished-at="2025-12-02T17:49:36 IST" duration-ms="1045" status="PASS">
          <reporter-output>
          </reporter-output>
        </test-method> <!-- testTeardown -->
        <test-method is-config="true" signature="suiteTearDown()[pri:0, instance:com.saucedemo.app.tests.CheckoutTests@2b662a77]" started-at="2025-12-02T17:49:41 IST" name="suiteTearDown" finished-at="2025-12-02T17:49:41 IST" duration-ms="24" status="PASS">
          <reporter-output>
          </reporter-output>
        </test-method> <!-- suiteTearDown -->
      </class> <!-- com.saucedemo.app.tests.CheckoutTests -->
    </test> <!-- SanityTests -->
  </suite> <!-- Suite -->
</testng-results>
